Arguments: 
  /home/mario/.nvm/versions/node/v18.12.1/bin/node /home/mario/.var/app/com.visualstudio.code/data/node_modules/bin/yarn add --dev tailwindcss

PATH: 
  /home/mario/.nvm/versions/node/v18.12.1/bin:/app/bin:/app/bin:/app/bin:/usr/bin:/home/mario/.var/app/com.visualstudio.code/data/node_modules/bin:/usr/bin/docker-compose:/usr/lib/jvm/java-11-openjdk-amd64/bin:/usr/bin/java

Yarn version: 
  1.22.19

Node version: 
  18.12.1

Platform: 
  linux x64

Trace: 
  Error: ENOSPC: no space left on device, write

npm manifest: 
  {
    "name": "reactnproject",
    "version": "1.0.0",
    "main": "node_modules/expo/AppEntry.js",
    "scripts": {
      "start": "expo start",
      "android": "expo start --android",
      "ios": "expo start --ios",
      "web": "expo start --web"
    },
    "dependencies": {
      "expo": "~48.0.18",
      "expo-status-bar": "~1.4.4",
      "react": "18.2.0",
      "react-native": "0.71.8"
    },
    "devDependencies": {
      "@babel/core": "^7.20.0"
    },
    "private": true
  }

yarn manifest: 
  No manifest

Lockfile: 
  No lockfile
